2025-05-17 16:12:16 [error]: uncaughtException: Cannot find module './middlewares/errorHandler'
Require stack:
- /Users/valuschvartz/Desktop/backend-coder/app.js
Error: Cannot find module './middlewares/errorHandler'
Require stack:
- /Users/valuschvartz/Desktop/backend-coder/app.js
    at Module._resolveFilename (node:internal/modules/cjs/loader:1048:15)
    at Module._load (node:internal/modules/cjs/loader:901:27)
    at Module.require (node:internal/modules/cjs/loader:1115:19)
    at require (node:internal/modules/helpers:130:18)
    at Object.<anonymous> (/Users/valuschvartz/Desktop/backend-coder/app.js:12:22)
    at Module._compile (node:internal/modules/cjs/loader:1241:14)
    at Module._extensions..js (node:internal/modules/cjs/loader:1295:10)
    at Module.load (node:internal/modules/cjs/loader:1091:32)
    at Module._load (node:internal/modules/cjs/loader:938:12)
    at Function.executeUserEntryPoint [as runMain] (node:internal/modules/run_main:83:12)
2025-05-17 16:12:27 [error]: uncaughtException: Cannot find module './middlewares/errorHandler'
Require stack:
- /Users/valuschvartz/Desktop/backend-coder/app.js
Error: Cannot find module './middlewares/errorHandler'
Require stack:
- /Users/valuschvartz/Desktop/backend-coder/app.js
    at Module._resolveFilename (node:internal/modules/cjs/loader:1048:15)
    at Module._load (node:internal/modules/cjs/loader:901:27)
    at Module.require (node:internal/modules/cjs/loader:1115:19)
    at require (node:internal/modules/helpers:130:18)
    at Object.<anonymous> (/Users/valuschvartz/Desktop/backend-coder/app.js:12:22)
    at Module._compile (node:internal/modules/cjs/loader:1241:14)
    at Module._extensions..js (node:internal/modules/cjs/loader:1295:10)
    at Module.load (node:internal/modules/cjs/loader:1091:32)
    at Module._load (node:internal/modules/cjs/loader:938:12)
    at Function.executeUserEntryPoint [as runMain] (node:internal/modules/run_main:83:12)
{"level":"error","message":"❌ Error log","timestamp":"2025-05-17T19:27:08.557Z"}
